<?xml version="1.0" encoding="UTF-8"?>
<!-- Generated by org.testng.reporters.JUnitXMLReporter -->
<testsuite ignored="10" hostname="LIN-5CG218220T" failures="0" tests="6" name="Test" time="145.585" errors="0" timestamp="2025-06-19T13:32:14 IST">
  <testcase classname="com.capgemini.tests.Tst_001_FlatRent" name="performFlatRent" time="11.578"/>
  <testcase classname="com.capgemini.tests.Tst_002_HouseRent" name="performHouseRent" time="18.43"/>
  <testcase classname="com.capgemini.tests.Tst_003_VillaRent" name="performVillaRent" time="17.399"/>
  <testcase classname="com.capgemini.tests.Tst_004_OfficeRent" name="performOfficeSpace" time="13.089"/>
  <testcase classname="com.capgemini.tests.Tst_005_PgRent" name="performPg" time="22.896"/>
  <testcase classname="com.capgemini.tests.Tst_006_EstimateInteriorDesign" name="PerformHomeInterior" time="13.323"/>
  <testcase classname="com.capgemini.tests.BaseReport" name="@BeforeSuite setupReport" time="0.0">
    <ignored/>
  </testcase> <!-- @BeforeSuite setupReport -->
  <testcase classname="com.capgemini.tests.BaseReport" name="@AfterSuite endReport" time="0.0">
    <ignored/>
  </testcase> <!-- @AfterSuite endReport -->
  <testcase classname="com.capgemini.tests.BaseReport" name="@BeforeSuite setupReport" time="0.0">
    <ignored/>
  </testcase> <!-- @BeforeSuite setupReport -->
  <testcase classname="com.capgemini.tests.BaseReport" name="@BeforeSuite setupReport" time="0.0">
    <ignored/>
  </testcase> <!-- @BeforeSuite setupReport -->
  <testcase classname="com.capgemini.tests.BaseReport" name="@AfterSuite endReport" time="0.0">
    <ignored/>
  </testcase> <!-- @AfterSuite endReport -->
  <testcase classname="com.capgemini.tests.BaseReport" name="@BeforeSuite setupReport" time="0.0">
    <ignored/>
  </testcase> <!-- @BeforeSuite setupReport -->
  <testcase classname="com.capgemini.tests.BaseReport" name="@AfterSuite endReport" time="0.0">
    <ignored/>
  </testcase> <!-- @AfterSuite endReport -->
  <testcase classname="com.capgemini.tests.BaseReport" name="@AfterSuite endReport" time="0.0">
    <ignored/>
  </testcase> <!-- @AfterSuite endReport -->
  <testcase classname="com.capgemini.tests.BaseReport" name="@BeforeSuite setupReport" time="0.0">
    <ignored/>
  </testcase> <!-- @BeforeSuite setupReport -->
  <testcase classname="com.capgemini.tests.BaseReport" name="@AfterSuite endReport" time="0.0">
    <ignored/>
  </testcase> <!-- @AfterSuite endReport -->
</testsuite> <!-- Test -->
