<?xml version="1.0" encoding="UTF-8"?>
<testng-results ignored="0" total="1" passed="1" failed="0" skipped="0">
  <reporter-output>
    <line>
      <![CDATA[Clicked on Rent link]]>
    </line>
    <line>
      <![CDATA[Clicked on House for Rent link]]>
    </line>
    <line>
      <![CDATA[Selected a Locality Filter]]>
    </line>
    <line>
      <![CDATA[Selected locality name from a dropdown]]>
    </line>
    <line>
      <![CDATA[Selected a budget Filter]]>
    </line>
    <line>
      <![CDATA[Selected max value from dropdown]]>
    </line>
    <line>
      <![CDATA[Selected min value from dropdown]]>
    </line>
    <line>
      <![CDATA[Selected min value from dropdown]]>
    </line>
    <line>
      <![CDATA[Clicked on Contact Owner button]]>
    </line>
    <line>
      <![CDATA[User Details entered]]>
    </line>
    <line>
      <![CDATA[Clicked on Do Contact]]>
    </line>
  </reporter-output>
  <suite started-at="2025-06-19T16:57:28 IST" name="Default suite" finished-at="2025-06-19T16:57:47 IST" duration-ms="18438">
    <groups>
    </groups>
    <test started-at="2025-06-19T16:57:28 IST" name="Default test" finished-at="2025-06-19T16:57:47 IST" duration-ms="18438">
      <class name="com.capgemini.tests.Tst_002_HouseRent">
        <test-method is-config="true" signature="setupReport()[pri:0, instance:com.capgemini.tests.Tst_002_HouseRent@7ce69770]" started-at="2025-06-19T16:57:28 IST" name="setupReport" finished-at="2025-06-19T16:57:28 IST" duration-ms="268" status="PASS">
          <reporter-output>
          </reporter-output>
        </test-method> <!-- setupReport -->
        <test-method is-config="true" signature="setupClass()[pri:0, instance:com.capgemini.tests.Tst_002_HouseRent@7ce69770]" started-at="2025-06-19T16:57:28 IST" name="setupClass" finished-at="2025-06-19T16:57:28 IST" duration-ms="5" status="PASS">
          <reporter-output>
          </reporter-output>
        </test-method> <!-- setupClass -->
        <test-method is-config="true" signature="setUpClass()[pri:0, instance:com.capgemini.tests.Tst_002_HouseRent@7ce69770]" started-at="2025-06-19T16:57:28 IST" name="setUpClass" finished-at="2025-06-19T16:57:33 IST" duration-ms="4552" status="PASS">
          <reporter-output>
          </reporter-output>
        </test-method> <!-- setUpClass -->
        <test-method is-config="true" signature="setupMethod(java.lang.reflect.Method)[pri:0, instance:com.capgemini.tests.Tst_002_HouseRent@7ce69770]" started-at="2025-06-19T16:57:33 IST" name="setupMethod" finished-at="2025-06-19T16:57:33 IST" duration-ms="2" status="PASS">
          <params>
            <param index="0">
              <value>
                <![CDATA[public void com.capgemini.tests.Tst_002_HouseRent.performHouseRent() throws java.lang.Exception]]>
              </value>
            </param>
          </params>
          <reporter-output>
          </reporter-output>
        </test-method> <!-- setupMethod -->
        <test-method signature="performHouseRent()[pri:0, instance:com.capgemini.tests.Tst_002_HouseRent@7ce69770]" started-at="2025-06-19T16:57:33 IST" name="performHouseRent" finished-at="2025-06-19T16:57:46 IST" duration-ms="13384" status="PASS">
          <reporter-output>
            <line>
              <![CDATA[Clicked on Rent link]]>
            </line>
            <line>
              <![CDATA[Clicked on House for Rent link]]>
            </line>
            <line>
              <![CDATA[Selected a Locality Filter]]>
            </line>
            <line>
              <![CDATA[Selected locality name from a dropdown]]>
            </line>
            <line>
              <![CDATA[Selected a budget Filter]]>
            </line>
            <line>
              <![CDATA[Selected max value from dropdown]]>
            </line>
            <line>
              <![CDATA[Selected min value from dropdown]]>
            </line>
            <line>
              <![CDATA[Selected min value from dropdown]]>
            </line>
            <line>
              <![CDATA[Clicked on Contact Owner button]]>
            </line>
            <line>
              <![CDATA[User Details entered]]>
            </line>
            <line>
              <![CDATA[Clicked on Do Contact]]>
            </line>
          </reporter-output>
        </test-method> <!-- performHouseRent -->
        <test-method is-config="true" signature="getResult(org.testng.ITestResult)[pri:0, instance:com.capgemini.tests.Tst_002_HouseRent@7ce69770]" started-at="2025-06-19T16:57:46 IST" name="getResult" finished-at="2025-06-19T16:57:47 IST" duration-ms="441" status="PASS">
          <params>
            <param index="0">
              <value>
                <![CDATA[[TestResult name=performHouseRent status=SUCCESS method=Tst_002_HouseRent.performHouseRent()[pri:0, instance:com.capgemini.tests.Tst_002_HouseRent@7ce69770] output=Clicked on Rent link]]]>
              </value>
            </param>
          </params>
          <reporter-output>
          </reporter-output>
        </test-method> <!-- getResult -->
        <test-method is-config="true" signature="endReport()[pri:0, instance:com.capgemini.tests.Tst_002_HouseRent@7ce69770]" started-at="2025-06-19T16:57:47 IST" name="endReport" finished-at="2025-06-19T16:57:47 IST" duration-ms="411" status="PASS">
          <reporter-output>
          </reporter-output>
        </test-method> <!-- endReport -->
      </class> <!-- com.capgemini.tests.Tst_002_HouseRent -->
    </test> <!-- Default test -->
  </suite> <!-- Default suite -->
</testng-results>
